<?xml version="1.0" encoding="UTF-8"?>
<!-- Generated by org.testng.reporters.JUnitReportReporter -->
<testsuite hostname="LAPTOP-L888O87P" failures="0" tests="1" name="DataDrivenTest.ReadXML" time="23.265" errors="0" timestamp="2022-06-01T14:18:50 IST" skipped="0">
  <testcase classname="DataDrivenTest.ReadXML" name="login" time="23.265"/>
  <system-out/>
</testsuite> <!-- DataDrivenTest.ReadXML -->
